# JRE version: Java(TM) SE Runtime Environment (8.0_151-b12) (build 1.8.0_151-b12)
# Java VM: Java HotSpot(TM) 64-Bit Server VM (25.151-b12 mixed mode linux-amd64 compressed oops)
Heap:
 PSYoungGen      total 456192K, used 800K [0x00000000d7200000, 0x00000000f3f80000, 0x0000000100000000)
  eden space 439808K, 0% used [0x00000000d7200000,0x00000000d7200000,0x00000000f1f80000)
  from space 16384K, 4% used [0x00000000f1f80000,0x00000000f2048000,0x00000000f2f80000)
  to   space 16384K, 0% used [0x00000000f2f80000,0x00000000f2f80000,0x00000000f3f80000)
 ParOldGen       total 105472K, used 63967K [0x0000000085600000, 0x000000008bd00000, 0x00000000d7200000)
  object space 105472K, 60% used [0x0000000085600000,0x0000000089477ca8,0x000000008bd00000)
 Metaspace       used 39775K, capacity 41232K, committed 41472K, reserved 1085440K
  class space    used 4564K, capacity 4850K, committed 4864K, reserved 1048576K
GC Heap History (10 events):
Event: 455.334 GC heap after
Heap after GC invocations=25 (full 4):
 PSYoungGen      total 456192K, used 800K [0x00000000d7200000, 0x00000000f3f80000, 0x0000000100000000)
  eden space 439808K, 0% used [0x00000000d7200000,0x00000000d7200000,0x00000000f1f80000)
  from space 16384K, 4% used [0x00000000f1f80000,0x00000000f2048000,0x00000000f2f80000)
  to   space 16384K, 0% used [0x00000000f2f80000,0x00000000f2f80000,0x00000000f3f80000)
 ParOldGen       total 105472K, used 63444K [0x0000000085600000, 0x000000008bd00000, 0x00000000d7200000)
  object space 105472K, 60% used [0x0000000085600000,0x00000000893f51a0,0x000000008bd00000)
 Metaspace       used 39635K, capacity 41092K, committed 41216K, reserved 1085440K
  class space    used 4563K, capacity 4848K, committed 4864K, reserved 1048576K
}
Event: 455.334 GC heap before
{Heap before GC invocations=26 (full 5):
 PSYoungGen      total 456192K, used 800K [0x00000000d7200000, 0x00000000f3f80000, 0x0000000100000000)
  eden space 439808K, 0% used [0x00000000d7200000,0x00000000d7200000,0x00000000f1f80000)
  from space 16384K, 4% used [0x00000000f1f80000,0x00000000f2048000,0x00000000f2f80000)
  to   space 16384K, 0% used [0x00000000f2f80000,0x00000000f2f80000,0x00000000f3f80000)
 ParOldGen       total 105472K, used 63444K [0x0000000085600000, 0x000000008bd00000, 0x00000000d7200000)
  object space 105472K, 60% used [0x0000000085600000,0x00000000893f51a0,0x000000008bd00000)
 Metaspace       used 39635K, capacity 41092K, committed 41216K, reserved 1085440K
  class space    used 4563K, capacity 4848K, committed 4864K, reserved 1048576K
Event: 455.942 GC heap after
Heap after GC invocations=26 (full 5):
 PSYoungGen      total 456192K, used 0K [0x00000000d7200000, 0x00000000f3f80000, 0x0000000100000000)
  eden space 439808K, 0% used [0x00000000d7200000,0x00000000d7200000,0x00000000f1f80000)
  from space 16384K, 0% used [0x00000000f1f80000,0x00000000f1f80000,0x00000000f2f80000)
  to   space 16384K, 0% used [0x00000000f2f80000,0x00000000f2f80000,0x00000000f3f80000)
 ParOldGen       total 105472K, used 63462K [0x0000000085600000, 0x000000008bd00000, 0x00000000d7200000)
  object space 105472K, 60% used [0x0000000085600000,0x00000000893f9928,0x000000008bd00000)
 Metaspace       used 39635K, capacity 41092K, committed 41216K, reserved 1085440K
  class space    used 4563K, capacity 4848K, committed 4864K, reserved 1048576K
}
Event: 547.053 GC heap before
{Heap before GC invocations=27 (full 5):
 PSYoungGen      total 456192K, used 141422K [0x00000000d7200000, 0x00000000f3f80000, 0x0000000100000000)
  eden space 439808K, 32% used [0x00000000d7200000,0x00000000dfc1b860,0x00000000f1f80000)
  from space 16384K, 0% used [0x00000000f1f80000,0x00000000f1f80000,0x00000000f2f80000)
  to   space 16384K, 0% used [0x00000000f2f80000,0x00000000f2f80000,0x00000000f3f80000)
 ParOldGen       total 105472K, used 63462K [0x0000000085600000, 0x000000008bd00000, 0x00000000d7200000)
  object space 105472K, 60% used [0x0000000085600000,0x00000000893f9928,0x000000008bd00000)
 Metaspace       used 39709K, capacity 41098K, committed 41216K, reserved 1085440K
  class space    used 4564K, capacity 4849K, committed 4864K, reserved 1048576K
Event: 547.062 GC heap after
Heap after GC invocations=27 (full 5):
 PSYoungGen      total 456192K, used 1216K [0x00000000d7200000, 0x00000000f3f80000, 0x0000000100000000)
  eden space 439808K, 0% used [0x00000000d7200000,0x00000000d7200000,0x00000000f1f80000)
  from space 16384K, 7% used [0x00000000f2f80000,0x00000000f30b0000,0x00000000f3f80000)
  to   space 16384K, 0% used [0x00000000f1f80000,0x00000000f1f80000,0x00000000f2f80000)
 ParOldGen       total 105472K, used 63470K [0x0000000085600000, 0x000000008bd00000, 0x00000000d7200000)
  object space 105472K, 60% used [0x0000000085600000,0x00000000893fb928,0x000000008bd00000)
 Metaspace       used 39709K, capacity 41098K, committed 41216K, reserved 1085440K
  class space    used 4564K, capacity 4849K, committed 4864K, reserved 1048576K
}
Event: 547.062 GC heap before
{Heap before GC invocations=28 (full 6):
 PSYoungGen      total 456192K, used 1216K [0x00000000d7200000, 0x00000000f3f80000, 0x0000000100000000)
  eden space 439808K, 0% used [0x00000000d7200000,0x00000000d7200000,0x00000000f1f80000)
  from space 16384K, 7% used [0x00000000f2f80000,0x00000000f30b0000,0x00000000f3f80000)
  to   space 16384K, 0% used [0x00000000f1f80000,0x00000000f1f80000,0x00000000f2f80000)
 ParOldGen       total 105472K, used 63470K [0x0000000085600000, 0x000000008bd00000, 0x00000000d7200000)
  object space 105472K, 60% used [0x0000000085600000,0x00000000893fb928,0x000000008bd00000)
 Metaspace       used 39709K, capacity 41098K, committed 41216K, reserved 1085440K
  class space    used 4564K, capacity 4849K, committed 4864K, reserved 1048576K
Event: 547.434 GC heap after
Heap after GC invocations=28 (full 6):
 PSYoungGen      total 456192K, used 0K [0x00000000d7200000, 0x00000000f3f80000, 0x0000000100000000)
  eden space 439808K, 0% used [0x00000000d7200000,0x00000000d7200000,0x00000000f1f80000)
  from space 16384K, 0% used [0x00000000f2f80000,0x00000000f2f80000,0x00000000f3f80000)
  to   space 16384K, 0% used [0x00000000f1f80000,0x00000000f1f80000,0x00000000f2f80000)
 ParOldGen       total 105472K, used 63959K [0x0000000085600000, 0x000000008bd00000, 0x00000000d7200000)
  object space 105472K, 60% used [0x0000000085600000,0x0000000089475ca8,0x000000008bd00000)
 Metaspace       used 39709K, capacity 41098K, committed 41216K, reserved 1085440K
  class space    used 4564K, capacity 4849K, committed 4864K, reserved 1048576K
}
Event: 604.541 GC heap before
{Heap before GC invocations=29 (full 6):
 PSYoungGen      total 456192K, used 155576K [0x00000000d7200000, 0x00000000f3f80000, 0x0000000100000000)
  eden space 439808K, 35% used [0x00000000d7200000,0x00000000e09ee320,0x00000000f1f80000)
  from space 16384K, 0% used [0x00000000f2f80000,0x00000000f2f80000,0x00000000f3f80000)
  to   space 16384K, 0% used [0x00000000f1f80000,0x00000000f1f80000,0x00000000f2f80000)
 ParOldGen       total 105472K, used 63959K [0x0000000085600000, 0x000000008bd00000, 0x00000000d7200000)
  object space 105472K, 60% used [0x0000000085600000,0x0000000089475ca8,0x000000008bd00000)
 Metaspace       used 39775K, capacity 41232K, committed 41472K, reserved 1085440K
  class space    used 4564K, capacity 4850K, committed 4864K, reserved 1048576K
Event: 604.545 GC heap after
Heap after GC invocations=29 (full 6):
 PSYoungGen      total 456192K, used 800K [0x00000000d7200000, 0x00000000f3f80000, 0x0000000100000000)
  eden space 439808K, 0% used [0x00000000d7200000,0x00000000d7200000,0x00000000f1f80000)
  from space 16384K, 4% used [0x00000000f1f80000,0x00000000f2048000,0x00000000f2f80000)
  to   space 16384K, 0% used [0x00000000f2f80000,0x00000000f2f80000,0x00000000f3f80000)
 ParOldGen       total 105472K, used 63967K [0x0000000085600000, 0x000000008bd00000, 0x00000000d7200000)
  object space 105472K, 60% used [0x0000000085600000,0x0000000089477ca8,0x000000008bd00000)
 Metaspace       used 39775K, capacity 41232K, committed 41472K, reserved 1085440K
  class space    used 4564K, capacity 4850K, committed 4864K, reserved 1048576K
}
Event: 604.545 GC heap before
{Heap before GC invocations=30 (full 7):
 PSYoungGen      total 456192K, used 800K [0x00000000d7200000, 0x00000000f3f80000, 0x0000000100000000)
  eden space 439808K, 0% used [0x00000000d7200000,0x00000000d7200000,0x00000000f1f80000)
  from space 16384K, 4% used [0x00000000f1f80000,0x00000000f2048000,0x00000000f2f80000)
  to   space 16384K, 0% used [0x00000000f2f80000,0x00000000f2f80000,0x00000000f3f80000)
 ParOldGen       total 105472K, used 63967K [0x0000000085600000, 0x000000008bd00000, 0x00000000d7200000)
  object space 105472K, 60% used [0x0000000085600000,0x0000000089477ca8,0x000000008bd00000)
 Metaspace       used 39775K, capacity 41232K, committed 41472K, reserved 1085440K
  class space    used 4564K, capacity 4850K, committed 4864K, reserved 1048576K

